<?xml version="1.0" encoding="UTF-8"?>
<testng-results ignored="0" total="1" passed="1" failed="0" skipped="0">
  <reporter-output>
  </reporter-output>
  <suite started-at="2023-12-27T06:44:01Z" name="Surefire suite" finished-at="2023-12-27T06:44:01Z" duration-ms="19">
    <groups>
    </groups>
    <test started-at="2023-12-27T06:44:01Z" name="Surefire test" finished-at="2023-12-27T06:44:01Z" duration-ms="19">
      <class name="com.homework8.AppTest">
        <test-method signature="testApp()[pri:0, instance:com.homework8.AppTest@6eceb130]" started-at="2023-12-27T06:44:01Z" name="testApp" finished-at="2023-12-27T06:44:01Z" duration-ms="5" status="PASS">
          <reporter-output>
          </reporter-output>
        </test-method> <!-- testApp -->
      </class> <!-- com.homework8.AppTest -->
    </test> <!-- Surefire test -->
  </suite> <!-- Surefire suite -->
</testng-results>
